
*** Running vivado
    with args -log Top.vdi -applog -m64 -product Vivado -messageDb vivado.pb -mode batch -source Top.tcl -notrace



****** Vivado v2024.2 (64-bit)
  **** SW Build 5239630 on Fri Nov 08 22:35:27 MST 2024
  **** IP Build 5239520 on Sun Nov 10 16:12:51 MST 2024
  **** SharedData Build 5239561 on Fri Nov 08 14:39:27 MST 2024
  **** Start of session at: Wed Jun  4 16:19:10 2025
    ** Copyright 1986-2022 Xilinx, Inc. All Rights Reserved.
    ** Copyright 2022-2024 Advanced Micro Devices, Inc. All Rights Reserved.

source Top.tcl -notrace
Command: link_design -top Top -part xc7a35tcpg236-1
Design is defaulting to srcset: sources_1
Design is defaulting to constrset: constrs_1
INFO: [Device 21-403] Loading part xc7a35tcpg236-1
Netlist sorting complete. Time (s): cpu = 00:00:00 ; elapsed = 00:00:00.006 . Memory (MB): peak = 566.914 ; gain = 0.000
INFO: [Netlist 29-17] Analyzing 68 Unisim elements for replacement
INFO: [Netlist 29-28] Unisim Transformation completed in 0 CPU seconds
INFO: [Project 1-479] Netlist was created with Vivado 2024.2
INFO: [Project 1-570] Preparing netlist for logic optimization
Parsing XDC File [C:/Users/Lukas/OneDrive - esk vysok uen technick v Praze/Dokumenty/Plocha/dsdp2/vivado/Basys3Game/Basys3Game.srcs/constrs_1/imports/code/GameBasys3.xdc]
Finished Parsing XDC File [C:/Users/Lukas/OneDrive - esk vysok uen technick v Praze/Dokumenty/Plocha/dsdp2/vivado/Basys3Game/Basys3Game.srcs/constrs_1/imports/code/GameBasys3.xdc]
INFO: [Opt 31-138] Pushed 0 inverter(s) to 0 load pin(s).
Netlist sorting complete. Time (s): cpu = 00:00:00 ; elapsed = 00:00:00 . Memory (MB): peak = 700.438 ; gain = 0.000
INFO: [Project 1-111] Unisim Transformation Summary:
No Unisim elements were transformed.

7 Infos, 0 Warnings, 0 Critical Warnings and 0 Errors encountered.
link_design completed successfully
link_design: Time (s): cpu = 00:00:05 ; elapsed = 00:00:06 . Memory (MB): peak = 705.461 ; gain = 339.500
Command: opt_design
Attempting to get a license for feature 'Implementation' and/or device 'xc7a35t'
INFO: [Common 17-349] Got license for feature 'Implementation' and/or device 'xc7a35t'
Running DRC as a precondition to command opt_design

Starting DRC Task
INFO: [DRC 23-27] Running DRC with 2 threads
INFO: [Project 1-461] DRC finished with 0 Errors
INFO: [Project 1-462] Please refer to the DRC report (report_drc) for more information.

Time (s): cpu = 00:00:02 ; elapsed = 00:00:01 . Memory (MB): peak = 737.832 ; gain = 32.371

Starting Cache Timing Information Task
INFO: [Timing 38-35] Done setting XDC timing constraints.
Ending Cache Timing Information Task | Checksum: 1c1f94ca6

Time (s): cpu = 00:00:09 ; elapsed = 00:00:09 . Memory (MB): peak = 1272.426 ; gain = 534.594

Starting Logic Optimization Task

Phase 1 Initialization

Phase 1.1 Core Generation And Design Setup
Phase 1.1 Core Generation And Design Setup | Checksum: 1c1f94ca6

Time (s): cpu = 00:00:00 ; elapsed = 00:00:00.002 . Memory (MB): peak = 1675.367 ; gain = 0.000

Phase 1.2 Setup Constraints And Sort Netlist
Phase 1.2 Setup Constraints And Sort Netlist | Checksum: 1c1f94ca6

Time (s): cpu = 00:00:00 ; elapsed = 00:00:00.004 . Memory (MB): peak = 1675.367 ; gain = 0.000
Phase 1 Initialization | Checksum: 1c1f94ca6

Time (s): cpu = 00:00:00 ; elapsed = 00:00:00.005 . Memory (MB): peak = 1675.367 ; gain = 0.000

Phase 2 Timer Update And Timing Data Collection

Phase 2.1 Timer Update
Phase 2.1 Timer Update | Checksum: 1c1f94ca6

Time (s): cpu = 00:00:00 ; elapsed = 00:00:00.027 . Memory (MB): peak = 1675.367 ; gain = 0.000

Phase 2.2 Timing Data Collection
Phase 2.2 Timing Data Collection | Checksum: 1c1f94ca6

Time (s): cpu = 00:00:00 ; elapsed = 00:00:00.036 . Memory (MB): peak = 1675.367 ; gain = 0.000
Phase 2 Timer Update And Timing Data Collection | Checksum: 1c1f94ca6

Time (s): cpu = 00:00:00 ; elapsed = 00:00:00.036 . Memory (MB): peak = 1675.367 ; gain = 0.000

Phase 3 Retarget
INFO: [Opt 31-1851] Number of loadless carry chains removed were: 0
INFO: [Opt 31-1834] Total Chains To Be Transformed Were: 0 AND Number of Transformed insts Created are: 0
INFO: [Opt 31-138] Pushed 0 inverter(s) to 0 load pin(s).
INFO: [Opt 31-49] Retargeted 0 cell(s).
Phase 3 Retarget | Checksum: 309159d79

Time (s): cpu = 00:00:00 ; elapsed = 00:00:00.074 . Memory (MB): peak = 1675.367 ; gain = 0.000
Retarget | Checksum: 309159d79
INFO: [Opt 31-389] Phase Retarget created 32 cells and removed 74 cells

Phase 4 Constant propagation
INFO: [Opt 31-138] Pushed 0 inverter(s) to 0 load pin(s).
Phase 4 Constant propagation | Checksum: 2c5faab44

Time (s): cpu = 00:00:00 ; elapsed = 00:00:00.087 . Memory (MB): peak = 1675.367 ; gain = 0.000
Constant propagation | Checksum: 2c5faab44
INFO: [Opt 31-389] Phase Constant propagation created 12 cells and removed 24 cells

Phase 5 Sweep
INFO: [Constraints 18-11670] Building netlist checker database with flags, 0x8
Done building netlist checker database: Time (s): cpu = 00:00:00 ; elapsed = 00:00:00.001 . Memory (MB): peak = 1675.367 ; gain = 0.000
Phase 5 Sweep | Checksum: 2f73116fe

Time (s): cpu = 00:00:01 ; elapsed = 00:00:00.108 . Memory (MB): peak = 1675.367 ; gain = 0.000
Sweep | Checksum: 2f73116fe
INFO: [Opt 31-389] Phase Sweep created 6 cells and removed 1 cells

Phase 6 BUFG optimization
Phase 6 BUFG optimization | Checksum: 2f73116fe

Time (s): cpu = 00:00:01 ; elapsed = 00:00:00.158 . Memory (MB): peak = 1675.367 ; gain = 0.000
BUFG optimization | Checksum: 2f73116fe
INFO: [Opt 31-662] Phase BUFG optimization created 0 cells of which 0 are BUFGs and removed 0 cells.

Phase 7 Shift Register Optimization
INFO: [Opt 31-1064] SRL Remap converted 0 SRLs to 0 registers and converted 0 registers of register chains to 0 SRLs
Phase 7 Shift Register Optimization | Checksum: 2f73116fe

Time (s): cpu = 00:00:01 ; elapsed = 00:00:00.160 . Memory (MB): peak = 1675.367 ; gain = 0.000
Shift Register Optimization | Checksum: 2f73116fe
INFO: [Opt 31-389] Phase Shift Register Optimization created 0 cells and removed 0 cells

Phase 8 Post Processing Netlist
Phase 8 Post Processing Netlist | Checksum: 25c1c82db

Time (s): cpu = 00:00:01 ; elapsed = 00:00:00.164 . Memory (MB): peak = 1675.367 ; gain = 0.000
Post Processing Netlist | Checksum: 25c1c82db
INFO: [Opt 31-389] Phase Post Processing Netlist created 0 cells and removed 0 cells

Phase 9 Finalization

Phase 9.1 Finalizing Design Cores and Updating Shapes
Phase 9.1 Finalizing Design Cores and Updating Shapes | Checksum: 1d2a332a2

Time (s): cpu = 00:00:01 ; elapsed = 00:00:00.187 . Memory (MB): peak = 1675.367 ; gain = 0.000

Phase 9.2 Verifying Netlist Connectivity

Starting Connectivity Check Task

Time (s): cpu = 00:00:00 ; elapsed = 00:00:00.009 . Memory (MB): peak = 1675.367 ; gain = 0.000
Phase 9.2 Verifying Netlist Connectivity | Checksum: 1d2a332a2

Time (s): cpu = 00:00:01 ; elapsed = 00:00:00.197 . Memory (MB): peak = 1675.367 ; gain = 0.000
Phase 9 Finalization | Checksum: 1d2a332a2

Time (s): cpu = 00:00:01 ; elapsed = 00:00:00.198 . Memory (MB): peak = 1675.367 ; gain = 0.000
Opt_design Change Summary
=========================


-------------------------------------------------------------------------------------------------------------------------
|  Phase                        |  #Cells created  |  #Cells Removed  |  #Constrained objects preventing optimizations  |
-------------------------------------------------------------------------------------------------------------------------
|  Retarget                     |              32  |              74  |                                              0  |
|  Constant propagation         |              12  |              24  |                                              0  |
|  Sweep                        |               6  |               1  |                                              0  |
|  BUFG optimization            |               0  |               0  |                                              0  |
|  Shift Register Optimization  |               0  |               0  |                                              0  |
|  Post Processing Netlist      |               0  |               0  |                                              0  |
-------------------------------------------------------------------------------------------------------------------------


Ending Logic Optimization Task | Checksum: 1d2a332a2

Time (s): cpu = 00:00:01 ; elapsed = 00:00:00.200 . Memory (MB): peak = 1675.367 ; gain = 0.000

Starting Power Optimization Task
INFO: [Pwropt 34-132] Skipping clock gating for clocks with a period < 2.00 ns.
INFO: [Timing 38-35] Done setting XDC timing constraints.
Running Vector-less Activity Propagation...

Finished Running Vector-less Activity Propagation
INFO: [Pwropt 34-9] Applying IDT optimizations ...
INFO: [Pwropt 34-10] Applying ODC optimizations ...


Starting PowerOpt Patch Enables Task
INFO: [Pwropt 34-162] WRITE_MODE attribute of 0 BRAM(s) out of a total of 13 has been updated to save power. Run report_power_opt to get a complete listing of the BRAMs updated.
INFO: [Pwropt 34-201] Structural ODC has moved 0 WE to EN ports
Number of BRAM Ports augmented: 0 newly gated: 10 Total Ports: 26
Number of Flops added for Enable Generation: 3

Ending PowerOpt Patch Enables Task | Checksum: 1fd6cea7c

Time (s): cpu = 00:00:00 ; elapsed = 00:00:00.043 . Memory (MB): peak = 1761.508 ; gain = 0.000
Ending Power Optimization Task | Checksum: 1fd6cea7c

Time (s): cpu = 00:00:02 ; elapsed = 00:00:02 . Memory (MB): peak = 1761.508 ; gain = 86.141

Starting Final Cleanup Task

Starting Logic Optimization Task
INFO: [Timing 38-35] Done setting XDC timing constraints.
Ending Logic Optimization Task | Checksum: 17009d6c3

Time (s): cpu = 00:00:00 ; elapsed = 00:00:00.101 . Memory (MB): peak = 1761.508 ; gain = 0.000
Ending Final Cleanup Task | Checksum: 17009d6c3

Time (s): cpu = 00:00:04 ; elapsed = 00:00:04 . Memory (MB): peak = 1761.508 ; gain = 0.000

Starting Netlist Obfuscation Task
Netlist sorting complete. Time (s): cpu = 00:00:00 ; elapsed = 00:00:00.001 . Memory (MB): peak = 1761.508 ; gain = 0.000
Ending Netlist Obfuscation Task | Checksum: 17009d6c3

Time (s): cpu = 00:00:00 ; elapsed = 00:00:00.001 . Memory (MB): peak = 1761.508 ; gain = 0.000
INFO: [Common 17-83] Releasing license: Implementation
33 Infos, 0 Warnings, 0 Critical Warnings and 0 Errors encountered.
opt_design completed successfully
opt_design: Time (s): cpu = 00:00:22 ; elapsed = 00:00:22 . Memory (MB): peak = 1761.508 ; gain = 1056.047
INFO: [Vivado 12-24828] Executing command : report_drc -file Top_drc_opted.rpt -pb Top_drc_opted.pb -rpx Top_drc_opted.rpx
Command: report_drc -file Top_drc_opted.rpt -pb Top_drc_opted.pb -rpx Top_drc_opted.rpx
INFO: [IP_Flow 19-234] Refreshing IP repositories
INFO: [IP_Flow 19-1704] No user IP repositories specified
INFO: [IP_Flow 19-2313] Loaded Vivado IP repository 'C:/Xilinx/Vivado/2024.2/data/ip'.
INFO: [DRC 23-27] Running DRC with 2 threads
INFO: [Vivado_Tcl 2-168] The results of DRC are in file C:/Users/Lukas/OneDrive - esk vysok uen technick v Praze/Dokumenty/Plocha/dsdp2/vivado/Basys3Game/Basys3Game.runs/impl_1/Top_drc_opted.rpt.
report_drc completed successfully
INFO: [Timing 38-480] Writing timing data to binary archive.
Write ShapeDB Complete: Time (s): cpu = 00:00:00 ; elapsed = 00:00:00.003 . Memory (MB): peak = 1761.508 ; gain = 0.000
Wrote PlaceDB: Time (s): cpu = 00:00:00 ; elapsed = 00:00:00.005 . Memory (MB): peak = 1761.508 ; gain = 0.000
Wrote PulsedLatchDB: Time (s): cpu = 00:00:00 ; elapsed = 00:00:00 . Memory (MB): peak = 1761.508 ; gain = 0.000
Writing XDEF routing.
Writing XDEF routing logical nets.
Writing XDEF routing special nets.
Wrote RouteStorage: Time (s): cpu = 00:00:00 ; elapsed = 00:00:00.020 . Memory (MB): peak = 1761.508 ; gain = 0.000
Wrote Netlist Cache: Time (s): cpu = 00:00:00 ; elapsed = 00:00:00 . Memory (MB): peak = 1761.508 ; gain = 0.000
Wrote Device Cache: Time (s): cpu = 00:00:00 ; elapsed = 00:00:00.010 . Memory (MB): peak = 1761.508 ; gain = 0.000
Write Physdb Complete: Time (s): cpu = 00:00:00 ; elapsed = 00:00:00.041 . Memory (MB): peak = 1761.508 ; gain = 0.000
INFO: [Common 17-1381] The checkpoint 'C:/Users/Lukas/OneDrive - esk vysok uen technick v Praze/Dokumenty/Plocha/dsdp2/vivado/Basys3Game/Basys3Game.runs/impl_1/Top_opt.dcp' has been generated.
Command: place_design
Attempting to get a license for feature 'Implementation' and/or device 'xc7a35t'
INFO: [Common 17-349] Got license for feature 'Implementation' and/or device 'xc7a35t'
INFO: [Common 17-83] Releasing license: Implementation
INFO: [DRC 23-27] Running DRC with 2 threads
INFO: [Vivado_Tcl 4-198] DRC finished with 0 Errors
INFO: [Vivado_Tcl 4-199] Please refer to the DRC report (report_drc) for more information.
Running DRC as a precondition to command place_design
INFO: [DRC 23-27] Running DRC with 2 threads
INFO: [Vivado_Tcl 4-198] DRC finished with 0 Errors
INFO: [Vivado_Tcl 4-199] Please refer to the DRC report (report_drc) for more information.
INFO: [Place 30-611] Multithreading enabled for place_design using a maximum of 2 CPUs

Starting Placer Task

Phase 1 Placer Initialization

Phase 1.1 Placer Initialization Netlist Sorting
Netlist sorting complete. Time (s): cpu = 00:00:00 ; elapsed = 00:00:00.001 . Memory (MB): peak = 1761.508 ; gain = 0.000
Phase 1.1 Placer Initialization Netlist Sorting | Checksum: 14f6224d9

Time (s): cpu = 00:00:00 ; elapsed = 00:00:00.002 . Memory (MB): peak = 1761.508 ; gain = 0.000
Netlist sorting complete. Time (s): cpu = 00:00:00 ; elapsed = 00:00:00.001 . Memory (MB): peak = 1761.508 ; gain = 0.000

Phase 1.2 IO Placement/ Clock Placement/ Build Placer Device
INFO: [Timing 38-35] Done setting XDC timing constraints.
Phase 1.2 IO Placement/ Clock Placement/ Build Placer Device | Checksum: 175918c6d

Time (s): cpu = 00:00:01 ; elapsed = 00:00:00.313 . Memory (MB): peak = 1761.508 ; gain = 0.000

Phase 1.3 Build Placer Netlist Model
Phase 1.3 Build Placer Netlist Model | Checksum: 25ce1ec54

Time (s): cpu = 00:00:01 ; elapsed = 00:00:00.504 . Memory (MB): peak = 1761.508 ; gain = 0.000

Phase 1.4 Constrain Clocks/Macros
Phase 1.4 Constrain Clocks/Macros | Checksum: 25ce1ec54

Time (s): cpu = 00:00:01 ; elapsed = 00:00:00.507 . Memory (MB): peak = 1761.508 ; gain = 0.000
Phase 1 Placer Initialization | Checksum: 25ce1ec54

Time (s): cpu = 00:00:01 ; elapsed = 00:00:00.511 . Memory (MB): peak = 1761.508 ; gain = 0.000

Phase 2 Global Placement

Phase 2.1 Floorplanning
Phase 2.1 Floorplanning | Checksum: 1f2bdb2b2

Time (s): cpu = 00:00:01 ; elapsed = 00:00:00.603 . Memory (MB): peak = 1761.508 ; gain = 0.000

Phase 2.2 Update Timing before SLR Path Opt
Phase 2.2 Update Timing before SLR Path Opt | Checksum: 1c7a2c1d0

Time (s): cpu = 00:00:01 ; elapsed = 00:00:00.674 . Memory (MB): peak = 1761.508 ; gain = 0.000

Phase 2.3 Post-Processing in Floorplanning
Phase 2.3 Post-Processing in Floorplanning | Checksum: 1c7a2c1d0

Time (s): cpu = 00:00:01 ; elapsed = 00:00:00.675 . Memory (MB): peak = 1761.508 ; gain = 0.000

Phase 2.4 Global Place Phase1
Phase 2.4 Global Place Phase1 | Checksum: 3315b1fe1

Time (s): cpu = 00:00:04 ; elapsed = 00:00:02 . Memory (MB): peak = 1761.508 ; gain = 0.000

Phase 2.5 Global Place Phase2

Phase 2.5.1 UpdateTiming Before Physical Synthesis
Phase 2.5.1 UpdateTiming Before Physical Synthesis | Checksum: 3315b1fe1

Time (s): cpu = 00:00:04 ; elapsed = 00:00:02 . Memory (MB): peak = 1761.508 ; gain = 0.000

Phase 2.5.2 Physical Synthesis In Placer
INFO: [Physopt 32-1035] Found 0 LUTNM shape to break, 41 LUT instances to create LUTNM shape
INFO: [Physopt 32-1044] Break lutnm for timing: one critical 0, two critical 0, total 0, new lutff created 0
INFO: [Physopt 32-1138] End 1 Pass. Optimized 19 nets or LUTs. Breaked 0 LUT, combined 19 existing LUTs and moved 0 existing LUT
INFO: [Physopt 32-65] No nets found for high-fanout optimization.
INFO: [Physopt 32-232] Optimized 0 net. Created 0 new instance.
INFO: [Physopt 32-775] End 1 Pass. Optimized 0 net or cell. Created 0 new cell, deleted 0 existing cell and moved 0 existing cell
INFO: [Physopt 32-670] No setup violation found.  DSP Register Optimization was not performed.
INFO: [Physopt 32-670] No setup violation found.  Shift Register to Pipeline Optimization was not performed.
INFO: [Physopt 32-670] No setup violation found.  Shift Register Optimization was not performed.
INFO: [Physopt 32-670] No setup violation found.  BRAM Register Optimization was not performed.
INFO: [Physopt 32-670] No setup violation found.  URAM Register Optimization was not performed.
INFO: [Physopt 32-949] No candidate nets found for dynamic/static region interface net replication
INFO: [Physopt 32-775] End 1 Pass. Optimized 0 net or cell. Created 0 new cell, deleted 0 existing cell and moved 0 existing cell
Netlist sorting complete. Time (s): cpu = 00:00:00 ; elapsed = 00:00:00 . Memory (MB): peak = 1761.508 ; gain = 0.000

Summary of Physical Synthesis Optimizations
============================================


-----------------------------------------------------------------------------------------------------------------------------------------------------------
|  Optimization                                     |  Added Cells  |  Removed Cells  |  Optimized Cells/Nets  |  Dont Touch  |  Iterations  |  Elapsed   |
-----------------------------------------------------------------------------------------------------------------------------------------------------------
|  LUT Combining                                    |            0  |             19  |                    19  |           0  |           1  |  00:00:00  |
|  Retime                                           |            0  |              0  |                     0  |           0  |           1  |  00:00:00  |
|  Very High Fanout                                 |            0  |              0  |                     0  |           0  |           1  |  00:00:00  |
|  DSP Register                                     |            0  |              0  |                     0  |           0  |           0  |  00:00:00  |
|  Shift Register to Pipeline                       |            0  |              0  |                     0  |           0  |           0  |  00:00:00  |
|  Shift Register                                   |            0  |              0  |                     0  |           0  |           0  |  00:00:00  |
|  BRAM Register                                    |            0  |              0  |                     0  |           0  |           0  |  00:00:00  |
|  URAM Register                                    |            0  |              0  |                     0  |           0  |           0  |  00:00:00  |
|  Dynamic/Static Region Interface Net Replication  |            0  |              0  |                     0  |           0  |           1  |  00:00:00  |
|  Total                                            |            0  |             19  |                    19  |           0  |           4  |  00:00:00  |
-----------------------------------------------------------------------------------------------------------------------------------------------------------


Phase 2.5.2 Physical Synthesis In Placer | Checksum: 2f6b7d124

Time (s): cpu = 00:00:04 ; elapsed = 00:00:02 . Memory (MB): peak = 1761.508 ; gain = 0.000
Phase 2.5 Global Place Phase2 | Checksum: 2cd1e90a4

Time (s): cpu = 00:00:04 ; elapsed = 00:00:02 . Memory (MB): peak = 1761.508 ; gain = 0.000
Phase 2 Global Placement | Checksum: 2cd1e90a4

Time (s): cpu = 00:00:04 ; elapsed = 00:00:02 . Memory (MB): peak = 1761.508 ; gain = 0.000

Phase 3 Detail Placement

Phase 3.1 Commit Multi Column Macros
Phase 3.1 Commit Multi Column Macros | Checksum: 2cc802019

Time (s): cpu = 00:00:04 ; elapsed = 00:00:02 . Memory (MB): peak = 1761.508 ; gain = 0.000

Phase 3.2 Commit Most Macros & LUTRAMs
Phase 3.2 Commit Most Macros & LUTRAMs | Checksum: 1c0e646c3

Time (s): cpu = 00:00:04 ; elapsed = 00:00:02 . Memory (MB): peak = 1761.508 ; gain = 0.000

Phase 3.3 Area Swap Optimization
Phase 3.3 Area Swap Optimization | Checksum: 217ade43f

Time (s): cpu = 00:00:04 ; elapsed = 00:00:02 . Memory (MB): peak = 1761.508 ; gain = 0.000

Phase 3.4 Pipeline Register Optimization
Phase 3.4 Pipeline Register Optimization | Checksum: 24e3f40fc

Time (s): cpu = 00:00:04 ; elapsed = 00:00:02 . Memory (MB): peak = 1761.508 ; gain = 0.000

Phase 3.5 Small Shape Detail Placement
Phase 3.5 Small Shape Detail Placement | Checksum: 286f25035

Time (s): cpu = 00:00:04 ; elapsed = 00:00:03 . Memory (MB): peak = 1761.508 ; gain = 0.000

Phase 3.6 Re-assign LUT pins
Phase 3.6 Re-assign LUT pins | Checksum: 227542add

Time (s): cpu = 00:00:04 ; elapsed = 00:00:03 . Memory (MB): peak = 1761.508 ; gain = 0.000

Phase 3.7 Pipeline Register Optimization
Phase 3.7 Pipeline Register Optimization | Checksum: 26ad81936

Time (s): cpu = 00:00:04 ; elapsed = 00:00:03 . Memory (MB): peak = 1761.508 ; gain = 0.000
Phase 3 Detail Placement | Checksum: 26ad81936

Time (s): cpu = 00:00:04 ; elapsed = 00:00:03 . Memory (MB): peak = 1761.508 ; gain = 0.000

Phase 4 Post Placement Optimization and Clean-Up

Phase 4.1 Post Commit Optimization
INFO: [Timing 38-35] Done setting XDC timing constraints.

Phase 4.1.1 Post Placement Optimization
Post Placement Optimization Initialization | Checksum: 2325e55d4

Phase 4.1.1.1 BUFG Insertion

Starting Physical Synthesis Task

Phase 1 Physical Synthesis Initialization
INFO: [Physopt 32-721] Multithreading enabled for phys_opt_design using a maximum of 2 CPUs
INFO: [Physopt 32-619] Estimated Timing Summary | WNS=3.959 | TNS=0.000 |
Phase 1 Physical Synthesis Initialization | Checksum: 1497bc005

Time (s): cpu = 00:00:00 ; elapsed = 00:00:00.031 . Memory (MB): peak = 1761.508 ; gain = 0.000
INFO: [Place 46-56] BUFG insertion identified 0 candidate nets. Inserted BUFG: 0, Replicated BUFG Driver: 0, Skipped due to Placement/Routing Conflicts: 0, Skipped due to Timing Degradation: 0, Skipped due to netlist editing failed: 0.
Ending Physical Synthesis Task | Checksum: 19af750e2

Time (s): cpu = 00:00:00 ; elapsed = 00:00:00.034 . Memory (MB): peak = 1761.508 ; gain = 0.000
Phase 4.1.1.1 BUFG Insertion | Checksum: 2325e55d4

Time (s): cpu = 00:00:05 ; elapsed = 00:00:03 . Memory (MB): peak = 1761.508 ; gain = 0.000

Phase 4.1.1.2 Post Placement Timing Optimization
INFO: [Place 30-746] Post Placement Timing Summary WNS=3.959. For the most accurate timing information please run report_timing.
Phase 4.1.1.2 Post Placement Timing Optimization | Checksum: 205ffa952

Time (s): cpu = 00:00:05 ; elapsed = 00:00:03 . Memory (MB): peak = 1761.508 ; gain = 0.000

Time (s): cpu = 00:00:05 ; elapsed = 00:00:03 . Memory (MB): peak = 1761.508 ; gain = 0.000
Phase 4.1 Post Commit Optimization | Checksum: 205ffa952

Time (s): cpu = 00:00:05 ; elapsed = 00:00:03 . Memory (MB): peak = 1761.508 ; gain = 0.000

Phase 4.2 Post Placement Cleanup
Phase 4.2 Post Placement Cleanup | Checksum: 205ffa952

Time (s): cpu = 00:00:05 ; elapsed = 00:00:03 . Memory (MB): peak = 1761.508 ; gain = 0.000

Phase 4.3 Placer Reporting

Phase 4.3.1 Print Estimated Congestion
INFO: [Place 30-612] Post-Placement Estimated Congestion 
 ____________________________________________________
|           | Global Congestion | Short Congestion  |
| Direction | Region Size       | Region Size       |
|___________|___________________|___________________|
|      North|                1x1|                1x1|
|___________|___________________|___________________|
|      South|                1x1|                1x1|
|___________|___________________|___________________|
|       East|                1x1|                1x1|
|___________|___________________|___________________|
|       West|                1x1|                1x1|
|___________|___________________|___________________|

Phase 4.3.1 Print Estimated Congestion | Checksum: 205ffa952

Time (s): cpu = 00:00:05 ; elapsed = 00:00:03 . Memory (MB): peak = 1761.508 ; gain = 0.000
Phase 4.3 Placer Reporting | Checksum: 205ffa952

Time (s): cpu = 00:00:05 ; elapsed = 00:00:03 . Memory (MB): peak = 1761.508 ; gain = 0.000

Phase 4.4 Final Placement Cleanup
Netlist sorting complete. Time (s): cpu = 00:00:00 ; elapsed = 00:00:00 . Memory (MB): peak = 1761.508 ; gain = 0.000

Time (s): cpu = 00:00:05 ; elapsed = 00:00:03 . Memory (MB): peak = 1761.508 ; gain = 0.000
Phase 4 Post Placement Optimization and Clean-Up | Checksum: 1face6eea

Time (s): cpu = 00:00:05 ; elapsed = 00:00:03 . Memory (MB): peak = 1761.508 ; gain = 0.000
Ending Placer Task | Checksum: 16f1e6490

Time (s): cpu = 00:00:05 ; elapsed = 00:00:03 . Memory (MB): peak = 1761.508 ; gain = 0.000
70 Infos, 0 Warnings, 0 Critical Warnings and 0 Errors encountered.
place_design completed successfully
INFO: [Vivado 12-24838] Running report commands "report_control_sets, report_io, report_utilization" in parallel.
Running report generation with 2 threads.
INFO: [Vivado 12-24828] Executing command : report_utilization -file Top_utilization_placed.rpt -pb Top_utilization_placed.pb
INFO: [Vivado 12-24828] Executing command : report_control_sets -verbose -file Top_control_sets_placed.rpt
report_control_sets: Time (s): cpu = 00:00:00 ; elapsed = 00:00:00.002 . Memory (MB): peak = 1761.508 ; gain = 0.000
INFO: [Vivado 12-24828] Executing command : report_io -file Top_io_placed.rpt
report_io: Time (s): cpu = 00:00:00 ; elapsed = 00:00:00.059 . Memory (MB): peak = 1761.508 ; gain = 0.000
INFO: [Timing 38-480] Writing timing data to binary archive.
Write ShapeDB Complete: Time (s): cpu = 00:00:00 ; elapsed = 00:00:00.006 . Memory (MB): peak = 1761.508 ; gain = 0.000
Wrote PlaceDB: Time (s): cpu = 00:00:00 ; elapsed = 00:00:00.061 . Memory (MB): peak = 1761.508 ; gain = 0.000
Wrote PulsedLatchDB: Time (s): cpu = 00:00:00 ; elapsed = 00:00:00 . Memory (MB): peak = 1761.508 ; gain = 0.000
Writing XDEF routing.
Writing XDEF routing logical nets.
Writing XDEF routing special nets.
Wrote RouteStorage: Time (s): cpu = 00:00:00 ; elapsed = 00:00:00.016 . Memory (MB): peak = 1761.508 ; gain = 0.000
Wrote Netlist Cache: Time (s): cpu = 00:00:00 ; elapsed = 00:00:00.001 . Memory (MB): peak = 1761.508 ; gain = 0.000
Wrote Device Cache: Time (s): cpu = 00:00:00 ; elapsed = 00:00:00.011 . Memory (MB): peak = 1761.508 ; gain = 0.000
Write Physdb Complete: Time (s): cpu = 00:00:00 ; elapsed = 00:00:00.100 . Memory (MB): peak = 1761.508 ; gain = 0.000
INFO: [Common 17-1381] The checkpoint 'C:/Users/Lukas/OneDrive - esk vysok uen technick v Praze/Dokumenty/Plocha/dsdp2/vivado/Basys3Game/Basys3Game.runs/impl_1/Top_placed.dcp' has been generated.
Command: phys_opt_design
Attempting to get a license for feature 'Implementation' and/or device 'xc7a35t'
INFO: [Common 17-349] Got license for feature 'Implementation' and/or device 'xc7a35t'

Starting Initial Update Timing Task

Time (s): cpu = 00:00:00 ; elapsed = 00:00:00.092 . Memory (MB): peak = 1761.508 ; gain = 0.000
INFO: [Vivado_Tcl 4-2279] Estimated Timing Summary | WNS= 3.959 | TNS= 0.000 | 
INFO: [Vivado_Tcl 4-383] Design worst setup slack (WNS) is greater than or equal to 0.000 ns. All physical synthesis setup optimizations will be skipped.
INFO: [Vivado_Tcl 4-232] No setup violation found. The netlist was not modified.
INFO: [Common 17-83] Releasing license: Implementation
81 Infos, 0 Warnings, 0 Critical Warnings and 0 Errors encountered.
phys_opt_design completed successfully
INFO: [Timing 38-480] Writing timing data to binary archive.
Write ShapeDB Complete: Time (s): cpu = 00:00:00 ; elapsed = 00:00:00.008 . Memory (MB): peak = 1761.508 ; gain = 0.000
Wrote PlaceDB: Time (s): cpu = 00:00:00 ; elapsed = 00:00:00.065 . Memory (MB): peak = 1761.508 ; gain = 0.000
Wrote PulsedLatchDB: Time (s): cpu = 00:00:00 ; elapsed = 00:00:00 . Memory (MB): peak = 1761.508 ; gain = 0.000
Writing XDEF routing.
Writing XDEF routing logical nets.
Writing XDEF routing special nets.
Wrote RouteStorage: Time (s): cpu = 00:00:00 ; elapsed = 00:00:00.021 . Memory (MB): peak = 1761.508 ; gain = 0.000
Wrote Netlist Cache: Time (s): cpu = 00:00:00 ; elapsed = 00:00:00.002 . Memory (MB): peak = 1761.508 ; gain = 0.000
Wrote Device Cache: Time (s): cpu = 00:00:00 ; elapsed = 00:00:00.022 . Memory (MB): peak = 1761.508 ; gain = 0.000
Write Physdb Complete: Time (s): cpu = 00:00:00 ; elapsed = 00:00:00.118 . Memory (MB): peak = 1761.508 ; gain = 0.000
INFO: [Common 17-1381] The checkpoint 'C:/Users/Lukas/OneDrive - esk vysok uen technick v Praze/Dokumenty/Plocha/dsdp2/vivado/Basys3Game/Basys3Game.runs/impl_1/Top_physopt.dcp' has been generated.
Command: route_design
Attempting to get a license for feature 'Implementation' and/or device 'xc7a35t'
INFO: [Common 17-349] Got license for feature 'Implementation' and/or device 'xc7a35t'


Starting Routing Task
INFO: [Route 35-254] Multithreading enabled for route_design using a maximum of 2 CPUs

Phase 1 Build RT Design
Checksum: PlaceDB: 6908eb62 ConstDB: 0 ShapeSum: 65941cd7 RouteDB: a0815c57
Post Restoration Checksum: NetGraph: 7fd1b509 | NumContArr: 453ce50e | Constraints: c2a8fa9d | Timing: c2a8fa9d
Phase 1 Build RT Design | Checksum: 24a608f51

Time (s): cpu = 00:00:25 ; elapsed = 00:00:23 . Memory (MB): peak = 1809.152 ; gain = 47.645

Phase 2 Router Initialization

Phase 2.1 Fix Topology Constraints
Phase 2.1 Fix Topology Constraints | Checksum: 24a608f51

Time (s): cpu = 00:00:25 ; elapsed = 00:00:23 . Memory (MB): peak = 1809.152 ; gain = 47.645

Phase 2.2 Pre Route Cleanup
Phase 2.2 Pre Route Cleanup | Checksum: 24a608f51

Time (s): cpu = 00:00:25 ; elapsed = 00:00:23 . Memory (MB): peak = 1809.152 ; gain = 47.645
 Number of Nodes with overlaps = 0

Phase 2.3 Update Timing
Phase 2.3 Update Timing | Checksum: 223861b45

Time (s): cpu = 00:00:26 ; elapsed = 00:00:24 . Memory (MB): peak = 1838.289 ; gain = 76.781
INFO: [Route 35-416] Intermediate Timing Summary | WNS=3.931  | TNS=0.000  | WHS=-0.144 | THS=-8.787 |


Router Utilization Summary
  Global Vertical Routing Utilization    = 0 %
  Global Horizontal Routing Utilization  = 0 %
  Routable Net Status*
  *Does not include unroutable nets such as driverless and loadless.
  Run report_route_status for detailed report.
  Number of Failed Nets               = 493
    (Failed Nets is the sum of unrouted and partially routed nets)
  Number of Unrouted Nets             = 493
  Number of Partially Routed Nets     = 0
  Number of Node Overlaps             = 0

Phase 2 Router Initialization | Checksum: 237260afe

Time (s): cpu = 00:00:26 ; elapsed = 00:00:24 . Memory (MB): peak = 1838.289 ; gain = 76.781

Phase 3 Global Routing
Phase 3 Global Routing | Checksum: 237260afe

Time (s): cpu = 00:00:26 ; elapsed = 00:00:24 . Memory (MB): peak = 1838.289 ; gain = 76.781

Phase 4 Initial Routing

Phase 4.1 Initial Net Routing Pass
Phase 4.1 Initial Net Routing Pass | Checksum: 270b89076

Time (s): cpu = 00:00:27 ; elapsed = 00:00:24 . Memory (MB): peak = 1838.289 ; gain = 76.781
Phase 4 Initial Routing | Checksum: 270b89076

Time (s): cpu = 00:00:27 ; elapsed = 00:00:24 . Memory (MB): peak = 1838.289 ; gain = 76.781

Phase 5 Rip-up And Reroute

Phase 5.1 Global Iteration 0
 Number of Nodes with overlaps = 18
 Number of Nodes with overlaps = 0
INFO: [Route 35-416] Intermediate Timing Summary | WNS=3.689  | TNS=0.000  | WHS=N/A    | THS=N/A    |

Phase 5.1 Global Iteration 0 | Checksum: 27a31796c

Time (s): cpu = 00:00:27 ; elapsed = 00:00:25 . Memory (MB): peak = 1838.289 ; gain = 76.781

Phase 5.2 Global Iteration 1
 Number of Nodes with overlaps = 0
INFO: [Route 35-416] Intermediate Timing Summary | WNS=3.689  | TNS=0.000  | WHS=N/A    | THS=N/A    |

Phase 5.2 Global Iteration 1 | Checksum: 2b6707b43

Time (s): cpu = 00:00:27 ; elapsed = 00:00:25 . Memory (MB): peak = 1838.289 ; gain = 76.781
Phase 5 Rip-up And Reroute | Checksum: 2b6707b43

Time (s): cpu = 00:00:27 ; elapsed = 00:00:25 . Memory (MB): peak = 1838.289 ; gain = 76.781

Phase 6 Delay and Skew Optimization

Phase 6.1 Delay CleanUp
Phase 6.1 Delay CleanUp | Checksum: 2b6707b43

Time (s): cpu = 00:00:27 ; elapsed = 00:00:25 . Memory (MB): peak = 1838.289 ; gain = 76.781

Phase 6.2 Clock Skew Optimization
Phase 6.2 Clock Skew Optimization | Checksum: 2b6707b43

Time (s): cpu = 00:00:27 ; elapsed = 00:00:25 . Memory (MB): peak = 1838.289 ; gain = 76.781
Phase 6 Delay and Skew Optimization | Checksum: 2b6707b43

Time (s): cpu = 00:00:27 ; elapsed = 00:00:25 . Memory (MB): peak = 1838.289 ; gain = 76.781

Phase 7 Post Hold Fix

Phase 7.1 Hold Fix Iter
INFO: [Route 35-416] Intermediate Timing Summary | WNS=3.769  | TNS=0.000  | WHS=0.125  | THS=0.000  |

Phase 7.1 Hold Fix Iter | Checksum: 246c8baa5

Time (s): cpu = 00:00:27 ; elapsed = 00:00:25 . Memory (MB): peak = 1838.289 ; gain = 76.781
Phase 7 Post Hold Fix | Checksum: 246c8baa5

Time (s): cpu = 00:00:27 ; elapsed = 00:00:25 . Memory (MB): peak = 1838.289 ; gain = 76.781

Phase 8 Route finalize

Router Utilization Summary
  Global Vertical Routing Utilization    = 0.147174 %
  Global Horizontal Routing Utilization  = 0.163977 %
  Routable Net Status*
  *Does not include unroutable nets such as driverless and loadless.
  Run report_route_status for detailed report.
  Number of Failed Nets               = 0
    (Failed Nets is the sum of unrouted and partially routed nets)
  Number of Unrouted Nets             = 0
  Number of Partially Routed Nets     = 0
  Number of Node Overlaps             = 0

Phase 8 Route finalize | Checksum: 246c8baa5

Time (s): cpu = 00:00:27 ; elapsed = 00:00:25 . Memory (MB): peak = 1838.289 ; gain = 76.781

Phase 9 Verifying routed nets

 Verification completed successfully
Phase 9 Verifying routed nets | Checksum: 246c8baa5

Time (s): cpu = 00:00:27 ; elapsed = 00:00:25 . Memory (MB): peak = 1838.289 ; gain = 76.781

Phase 10 Depositing Routes
Phase 10 Depositing Routes | Checksum: 1dd5d51a0

Time (s): cpu = 00:00:28 ; elapsed = 00:00:25 . Memory (MB): peak = 1838.289 ; gain = 76.781

Phase 11 Post Process Routing
Phase 11 Post Process Routing | Checksum: 1dd5d51a0

Time (s): cpu = 00:00:28 ; elapsed = 00:00:25 . Memory (MB): peak = 1838.289 ; gain = 76.781

Phase 12 Post Router Timing
INFO: [Route 35-57] Estimated Timing Summary | WNS=3.769  | TNS=0.000  | WHS=0.125  | THS=0.000  |

INFO: [Route 35-327] The final timing numbers are based on the router estimated timing analysis. For a complete and accurate timing signoff, please run report_timing_summary.
Phase 12 Post Router Timing | Checksum: 1dd5d51a0

Time (s): cpu = 00:00:28 ; elapsed = 00:00:25 . Memory (MB): peak = 1838.289 ; gain = 76.781
Total Elapsed time in route_design: 24.818 secs

Phase 13 Post-Route Event Processing
Phase 13 Post-Route Event Processing | Checksum: faad2b20

Time (s): cpu = 00:00:28 ; elapsed = 00:00:25 . Memory (MB): peak = 1838.289 ; gain = 76.781
INFO: [Route 35-16] Router Completed Successfully
Ending Routing Task | Checksum: faad2b20

Time (s): cpu = 00:00:28 ; elapsed = 00:00:25 . Memory (MB): peak = 1838.289 ; gain = 76.781

Routing Is Done.
INFO: [Common 17-83] Releasing license: Implementation
93 Infos, 0 Warnings, 0 Critical Warnings and 0 Errors encountered.
route_design completed successfully
route_design: Time (s): cpu = 00:00:28 ; elapsed = 00:00:25 . Memory (MB): peak = 1838.289 ; gain = 76.781
INFO: [Vivado 12-24828] Executing command : report_drc -file Top_drc_routed.rpt -pb Top_drc_routed.pb -rpx Top_drc_routed.rpx
Command: report_drc -file Top_drc_routed.rpt -pb Top_drc_routed.pb -rpx Top_drc_routed.rpx
INFO: [IP_Flow 19-1839] IP Catalog is up to date.
INFO: [DRC 23-27] Running DRC with 2 threads
INFO: [Vivado_Tcl 2-168] The results of DRC are in file C:/Users/Lukas/OneDrive - esk vysok uen technick v Praze/Dokumenty/Plocha/dsdp2/vivado/Basys3Game/Basys3Game.runs/impl_1/Top_drc_routed.rpt.
report_drc completed successfully
INFO: [Vivado 12-24828] Executing command : report_methodology -file Top_methodology_drc_routed.rpt -pb Top_methodology_drc_routed.pb -rpx Top_methodology_drc_routed.rpx
Command: report_methodology -file Top_methodology_drc_routed.rpt -pb Top_methodology_drc_routed.pb -rpx Top_methodology_drc_routed.rpx
INFO: [Timing 38-35] Done setting XDC timing constraints.
INFO: [DRC 23-133] Running Methodology with 2 threads
INFO: [Vivado_Tcl 2-1520] The results of Report Methodology are in file C:/Users/Lukas/OneDrive - esk vysok uen technick v Praze/Dokumenty/Plocha/dsdp2/vivado/Basys3Game/Basys3Game.runs/impl_1/Top_methodology_drc_routed.rpt.
report_methodology completed successfully
INFO: [Vivado 12-24828] Executing command : report_timing_summary -max_paths 10 -report_unconstrained -file Top_timing_summary_routed.rpt -pb Top_timing_summary_routed.pb -rpx Top_timing_summary_routed.rpx -warn_on_violation 
INFO: [Timing 38-35] Done setting XDC timing constraints.
INFO: [Timing 38-91] UpdateTimingParams: Speed grade: -1, Delay Type: min_max.
INFO: [Timing 38-191] Multithreading enabled for timing update using a maximum of 2 CPUs
INFO: [Vivado 12-24838] Running report commands "report_incremental_reuse, report_route_status" in parallel.
Running report generation with 2 threads.
INFO: [Vivado 12-24828] Executing command : report_incremental_reuse -file Top_incremental_reuse_routed.rpt
INFO: [Vivado_Tcl 4-1062] Incremental flow is disabled. No incremental reuse Info to report.
INFO: [Vivado 12-24828] Executing command : report_route_status -file Top_route_status.rpt -pb Top_route_status.pb
INFO: [Vivado 12-24828] Executing command : report_power -file Top_power_routed.rpt -pb Top_power_summary_routed.pb -rpx Top_power_routed.rpx
Command: report_power -file Top_power_routed.rpt -pb Top_power_summary_routed.pb -rpx Top_power_routed.rpx
Running Vector-less Activity Propagation...

Finished Running Vector-less Activity Propagation
110 Infos, 0 Warnings, 0 Critical Warnings and 0 Errors encountered.
report_power completed successfully
INFO: [Vivado 12-24828] Executing command : report_clock_utilization -file Top_clock_utilization_routed.rpt
INFO: [Vivado 12-24828] Executing command : report_bus_skew -warn_on_violation -file Top_bus_skew_routed.rpt -pb Top_bus_skew_routed.pb -rpx Top_bus_skew_routed.rpx
INFO: [Timing 38-91] UpdateTimingParams: Speed grade: -1, Delay Type: min_max.
INFO: [Timing 38-191] Multithreading enabled for timing update using a maximum of 2 CPUs
generate_parallel_reports: Time (s): cpu = 00:00:14 ; elapsed = 00:00:08 . Memory (MB): peak = 1882.520 ; gain = 44.230
INFO: [Timing 38-480] Writing timing data to binary archive.
Write ShapeDB Complete: Time (s): cpu = 00:00:00 ; elapsed = 00:00:00.006 . Memory (MB): peak = 1882.520 ; gain = 0.000
Wrote PlaceDB: Time (s): cpu = 00:00:00 ; elapsed = 00:00:00.064 . Memory (MB): peak = 1882.520 ; gain = 0.000
Wrote PulsedLatchDB: Time (s): cpu = 00:00:00 ; elapsed = 00:00:00 . Memory (MB): peak = 1882.520 ; gain = 0.000
Writing XDEF routing.
Writing XDEF routing logical nets.
Writing XDEF routing special nets.
Wrote RouteStorage: Time (s): cpu = 00:00:00 ; elapsed = 00:00:00.036 . Memory (MB): peak = 1882.520 ; gain = 0.000
Wrote Netlist Cache: Time (s): cpu = 00:00:00 ; elapsed = 00:00:00.002 . Memory (MB): peak = 1882.520 ; gain = 0.000
Wrote Device Cache: Time (s): cpu = 00:00:00 ; elapsed = 00:00:00.010 . Memory (MB): peak = 1882.520 ; gain = 0.000
Write Physdb Complete: Time (s): cpu = 00:00:00 ; elapsed = 00:00:00.118 . Memory (MB): peak = 1882.520 ; gain = 0.000
INFO: [Common 17-1381] The checkpoint 'C:/Users/Lukas/OneDrive - esk vysok uen technick v Praze/Dokumenty/Plocha/dsdp2/vivado/Basys3Game/Basys3Game.runs/impl_1/Top_routed.dcp' has been generated.
Command: write_bitstream -force Top.bit
Attempting to get a license for feature 'Implementation' and/or device 'xc7a35t'
INFO: [Common 17-349] Got license for feature 'Implementation' and/or device 'xc7a35t'
Running DRC as a precondition to command write_bitstream
INFO: [IP_Flow 19-1839] IP Catalog is up to date.
INFO: [DRC 23-27] Running DRC with 2 threads
INFO: [Vivado 12-3199] DRC finished with 0 Errors
INFO: [Vivado 12-3200] Please refer to the DRC report (report_drc) for more information.
INFO: [Designutils 20-2272] Running write_bitstream with 2 threads.
Loading data files...
Loading site data...
Loading route data...
Processing options...
Creating bitmap...
Creating bitstream...
Bitstream compression saved 13522048 bits.
Writing bitstream ./Top.bit...
INFO: [Vivado 12-1842] Bitgen Completed Successfully.
INFO: [Project 1-1876] WebTalk data collection is mandatory when using a ULT device. To see the specific WebTalk data collected for your design, open the usage_statistics_webtalk.html or usage_statistics_webtalk.xml file in the implementation directory.
INFO: [Common 17-83] Releasing license: Implementation
125 Infos, 0 Warnings, 0 Critical Warnings and 0 Errors encountered.
write_bitstream completed successfully
write_bitstream: Time (s): cpu = 00:00:17 ; elapsed = 00:00:13 . Memory (MB): peak = 2351.434 ; gain = 468.914
INFO: [Common 17-206] Exiting Vivado at Wed Jun  4 16:20:45 2025...
